<?xml version="1.0" encoding="UTF-8"?>
<!-- Generated by org.testng.reporters.JUnitXMLReporter -->
<testsuite ignored="0" hostname="DESKTOP-UP2Q5NF" failures="0" tests="4" name="Test2" time="114.841" errors="0" timestamp="2025-09-12T06:26:24 IST">
  <testcase classname="test_Script.Login_Test" name="verifyUserLoginWithValidCredentials" time="3.132"/>
  <testcase classname="test_Script.Login_Test" name="verifyInvalidUsernamewithValidPassword" time="0.0">
    <skipped/>
  </testcase> <!-- verifyInvalidUsernamewithValidPassword -->
  <testcase classname="test_Script.Login_Test" name="verifyvalidUsernamewithInValidPassword" time="0.002">
    <skipped/>
  </testcase> <!-- verifyvalidUsernamewithInValidPassword -->
  <testcase classname="test_Script.Login_Test" name="verifyInvalidUsernamewithInValidPassword" time="0.0">
    <skipped/>
  </testcase> <!-- verifyInvalidUsernamewithInValidPassword -->
</testsuite> <!-- Test2 -->
