<?xml version="1.0" encoding="UTF-8"?>
<!-- Generated by org.testng.reporters.JUnitXMLReporter -->
<testsuite ignored="0" hostname="DESKTOP-UP2Q5NF" failures="0" tests="4" name="Test1" time="45.235" errors="0" timestamp="2025-09-12T06:24:29 IST">
  <testcase classname="test_Script.Login_Test" name="verifyUserLoginWithValidCredentials" time="3.724"/>
  <testcase classname="test_Script.Login_Test" name="verifyInvalidUsernamewithValidPassword" time="1.623"/>
  <testcase classname="test_Script.Login_Test" name="verifyvalidUsernamewithInValidPassword" time="1.581"/>
  <testcase classname="test_Script.Login_Test" name="verifyInvalidUsernamewithInValidPassword" time="1.261"/>
</testsuite> <!-- Test1 -->
