<?xml version="1.0" encoding="UTF-8"?>
<!-- Generated by org.testng.reporters.JUnitXMLReporter -->
<testsuite ignored="1" hostname="DESKTOP-UP2Q5NF" failures="0" tests="1" name="Default test" time="10.62" errors="0" timestamp="2025-08-30T10:07:22 IST">
  <testcase classname="test_Script.AdminUsers_Test" name="verifyUserIsAbleToClickSearchButtoninsideAdminUserstab" time="2.634"/>
  <testcase classname="test_Script.AdminUsers_Test" name="verifyUserisAbletoClickOnMoreinfoinAdminusersofHomePage" time="0.0">
    <ignored/>
  </testcase> <!-- verifyUserisAbletoClickOnMoreinfoinAdminusersofHomePage -->
</testsuite> <!-- Default test -->
