<?xml version="1.0" encoding="UTF-8"?>
<!-- Generated by org.testng.reporters.JUnitXMLReporter -->
<testsuite ignored="0" hostname="DESKTOP-UP2Q5NF" failures="0" tests="2" name="Default test" time="23.761" errors="0" timestamp="2025-09-01T18:24:45 IST">
  <testcase classname="test_Script.AdminUsers_Test" name="verifyUserisAbletoClickOnMoreinfoinAdminusersofHomePage" time="6.887"/>
  <testcase classname="test_Script.AdminUsers_Test" name="verifyUserisAbletoSearchNewUserinAdminUsers" time="3.97"/>
</testsuite> <!-- Default test -->
