<?xml version="1.0" encoding="UTF-8"?>
<!-- Generated by org.testng.reporters.JUnitXMLReporter -->
<testsuite ignored="3" hostname="DESKTOP-UP2Q5NF" failures="0" tests="1" name="ChromeTest" time="24.357" errors="0" timestamp="2025-09-10T18:54:29 IST">
  <testcase classname="test_Script.Login_Test" name="verifyUserLoginWithValidCredentials" time="6.357"/>
  <testcase classname="test_Script.Login_Test" name="verifyvalidUsernamewithInValidPassword" time="0.0">
    <ignored/>
  </testcase> <!-- verifyvalidUsernamewithInValidPassword -->
  <testcase classname="test_Script.Login_Test" name="verifyInvalidUsernamewithInValidPassword" time="0.0">
    <ignored/>
  </testcase> <!-- verifyInvalidUsernamewithInValidPassword -->
  <testcase classname="test_Script.Login_Test" name="verifyInvalidUsernamewithValidPassword" time="0.0">
    <ignored/>
  </testcase> <!-- verifyInvalidUsernamewithValidPassword -->
</testsuite> <!-- ChromeTest -->
