<?xml version="1.0" encoding="UTF-8"?>
<!-- Generated by org.testng.reporters.JUnitXMLReporter -->
<testsuite ignored="3" hostname="DESKTOP-UP2Q5NF" failures="0" tests="1" name="EdgeTest" time="48.65" errors="0" timestamp="2025-09-16T15:16:28 IST">
  <testcase classname="test_Script.Login_Test" name="verifyUserLoginWithValidCredentials" time="0.002">
    <skipped/>
  </testcase> <!-- verifyUserLoginWithValidCredentials -->
  <testcase classname="test_Script.Login_Test" name="verifyvalidUsernamewithInValidPassword" time="0.0">
    <ignored/>
  </testcase> <!-- verifyvalidUsernamewithInValidPassword -->
  <testcase classname="test_Script.Login_Test" name="verifyInvalidUsernamewithValidPassword" time="0.0">
    <ignored/>
  </testcase> <!-- verifyInvalidUsernamewithValidPassword -->
  <testcase classname="test_Script.Login_Test" name="verifyInvalidUsernamewithInValidPassword" time="0.0">
    <ignored/>
  </testcase> <!-- verifyInvalidUsernamewithInValidPassword -->
</testsuite> <!-- EdgeTest -->
