<?xml version="1.0" encoding="UTF-8"?>
<testng-results ignored="0" total="1" passed="1" failed="0" skipped="0">
  <reporter-output>
  </reporter-output>
  <suite started-at="2025-08-25T23:10:47 IST" name="Default suite" finished-at="2025-08-25T23:10:56 IST" duration-ms="9279">
    <groups>
    </groups>
    <test started-at="2025-08-25T23:10:47 IST" name="Default test" finished-at="2025-08-25T23:10:56 IST" duration-ms="9279">
      <class name="test_Script.Login_Test">
        <test-method is-config="true" signature="initializeBrowser()[pri:0, instance:test_Script.Login_Test@179ece50]" started-at="2025-08-25T23:10:47 IST" name="initializeBrowser" finished-at="2025-08-25T23:10:54 IST" duration-ms="6550" status="PASS">
          <reporter-output>
          </reporter-output>
        </test-method> <!-- initializeBrowser -->
        <test-method signature="verifyInvalidUsernamewithInValidPassword()[pri:0, instance:test_Script.Login_Test@179ece50]" started-at="2025-08-25T23:10:54 IST" name="verifyInvalidUsernamewithInValidPassword" finished-at="2025-08-25T23:10:56 IST" duration-ms="2615" status="PASS">
          <reporter-output>
          </reporter-output>
        </test-method> <!-- verifyInvalidUsernamewithInValidPassword -->
        <test-method is-config="true" signature="closeandquit()[pri:0, instance:test_Script.Login_Test@179ece50]" started-at="2025-08-25T23:10:56 IST" name="closeandquit" finished-at="2025-08-25T23:10:56 IST" duration-ms="6" status="PASS">
          <reporter-output>
          </reporter-output>
        </test-method> <!-- closeandquit -->
      </class> <!-- test_Script.Login_Test -->
    </test> <!-- Default test -->
  </suite> <!-- Default suite -->
</testng-results>
