<?xml version="1.0" encoding="UTF-8"?>
<!-- Generated by org.testng.reporters.JUnitXMLReporter -->
<testsuite ignored="3" hostname="DESKTOP-UP2Q5NF" failures="0" tests="1" name="Test1" time="0.138" errors="0" timestamp="2025-09-15T10:55:13 IST">
  <testcase classname="automation_Core.Base_Class" name="@BeforeMethod initializeBrowser" time="0.019">
    <failure type="java.lang.NullPointerException" message="inStream parameter is null">
      <![CDATA[java.lang.NullPointerException: inStream parameter is null
at java.base/java.util.Objects.requireNonNull(Objects.java:246)
at java.base/java.util.Properties.load(Properties.java:409)
at automation_Core.Base_Class.initializeBrowser(Base_Class.java:31)
at java.base/java.util.ArrayList.forEach(ArrayList.java:1597)
... Removed 29 stack frames]]>
    </failure>
  </testcase> <!-- @BeforeMethod initializeBrowser -->
  <testcase classname="test_Script.Login_Test" name="verifyUserLoginWithValidCredentials" time="0.0">
    <skipped/>
  </testcase> <!-- verifyUserLoginWithValidCredentials -->
  <testcase classname="test_Script.Login_Test" name="verifyvalidUsernamewithInValidPassword" time="0.0">
    <ignored/>
  </testcase> <!-- verifyvalidUsernamewithInValidPassword -->
  <testcase classname="test_Script.Login_Test" name="verifyInvalidUsernamewithValidPassword" time="0.0">
    <ignored/>
  </testcase> <!-- verifyInvalidUsernamewithValidPassword -->
  <testcase classname="test_Script.Login_Test" name="verifyInvalidUsernamewithInValidPassword" time="0.0">
    <ignored/>
  </testcase> <!-- verifyInvalidUsernamewithInValidPassword -->
</testsuite> <!-- Test1 -->
