<?xml version="1.0" encoding="UTF-8"?>
<!-- Generated by org.testng.reporters.JUnitXMLReporter -->
<testsuite ignored="1" hostname="DESKTOP-UP2Q5NF" failures="0" tests="3" name="Test" time="83.162" errors="0" timestamp="2025-09-10T19:11:11 IST">
  <testcase classname="test_Script.Login_Test" name="verifyInvalidUsernamewithValidPassword" time="5.039"/>
  <testcase classname="test_Script.Login_Test" name="verifyvalidUsernamewithInValidPassword" time="3.695"/>
  <testcase classname="test_Script.Login_Test" name="verifyInvalidUsernamewithInValidPassword" time="1.502"/>
  <testcase classname="test_Script.Login_Test" name="verifyUserLoginWithValidCredentials" time="0.0">
    <ignored/>
  </testcase> <!-- verifyUserLoginWithValidCredentials -->
</testsuite> <!-- Test -->
